<?xml version="1.0" encoding="UTF-8"?>
<!-- Generated by org.testng.reporters.JUnitXMLReporter -->
<testsuite hostname="Venkatesh" name="Test" tests="1" failures="1" timestamp="1 Apr 2017 18:44:17 GMT" time="10.078" errors="0">
  <testcase name="testVerifyTitle" time="10.053" classname="com.learnautomation.selenium.DemoforMaven">
    <failure type="java.lang.AssertionError" message="Google expected [true] but found [false]">
      <![CDATA[java.lang.AssertionError: Google expected [true] but found [false]
	at com.learnautomation.selenium.DemoforMaven.testVerifyTitle(DemoforMaven.java:18)
	at org.apache.maven.surefire.testng.TestNGExecutor.run(TestNGExecutor.java:293)
	at org.apache.maven.surefire.testng.TestNGXmlTestSuite.execute(TestNGXmlTestSuite.java:84)
	at org.apache.maven.surefire.testng.TestNGProvider.invoke(TestNGProvider.java:91)
	at org.apache.maven.surefire.booter.ForkedBooter.invokeProviderInSameClassLoader(ForkedBooter.java:200)
	at org.apache.maven.surefire.booter.ForkedBooter.runSuitesInProcess(ForkedBooter.java:153)
	at org.apache.maven.surefire.booter.ForkedBooter.main(ForkedBooter.java:103)
... Removed 24 stack frames]]>
    </failure>
  </testcase> <!-- testVerifyTitle -->
</testsuite> <!-- Test -->
